  stdafx.cpp
  HttpUtils.cpp
HttpUtils.cpp(112): warning C4101: “e”: 未引用的局部变量
HttpUtils.cpp(149): warning C4101: “e”: 未引用的局部变量
  MallManager.cpp
  ServiceManager.cpp
  SmsHelper.cpp
SmsHelper.cpp(452): warning C4996: 'strcat': This function or variable may be unsafe. Consider using strcat_s instead. To disable deprecation, use _CRT_SECURE_NO_WARNINGS. See online help for details.
  C:\Program Files (x86)\Windows Kits\10\Include\10.0.15063.0\ucrt\string.h(93): note: 参见“strcat”的声明
  smsservice.cpp
smsservice.cpp(51): warning C4996: 'strcpy': This function or variable may be unsafe. Consider using strcpy_s instead. To disable deprecation, use _CRT_SECURE_NO_WARNINGS. See online help for details.
  C:\Program Files (x86)\Windows Kits\10\Include\10.0.15063.0\ucrt\string.h(136): note: 参见“strcpy”的声明
smsservice.cpp(53): warning C4996: 'strcat': This function or variable may be unsafe. Consider using strcat_s instead. To disable deprecation, use _CRT_SECURE_NO_WARNINGS. See online help for details.
  C:\Program Files (x86)\Windows Kits\10\Include\10.0.15063.0\ucrt\string.h(93): note: 参见“strcat”的声明
  Utils.cpp
Utils.cpp(20): warning C4996: '_vsnwprintf': This function or variable may be unsafe. Consider using _vsnwprintf_s instead. To disable deprecation, use _CRT_SECURE_NO_WARNINGS. See online help for details.
  C:\Program Files (x86)\Windows Kits\10\Include\10.0.15063.0\ucrt\corecrt_wstdio.h(1122): note: 参见“_vsnwprintf”的声明
Utils.cpp(27): warning C4996: '_vsnwprintf': This function or variable may be unsafe. Consider using _vsnwprintf_s instead. To disable deprecation, use _CRT_SECURE_NO_WARNINGS. See online help for details.
  C:\Program Files (x86)\Windows Kits\10\Include\10.0.15063.0\ucrt\corecrt_wstdio.h(1122): note: 参见“_vsnwprintf”的声明
  正在生成代码
  All 660 functions were compiled because no usable IPDB/IOBJ from previous compilation was found.
  已完成代码的生成
  smsservice.vcxproj -> E:\Workspaces\Visual Studio 2017\Projects\smsservice_v1.9.6\Release\smsservice.exe
